<?xml version="1.0" encoding="UTF-8"?>
<!-- Generated by org.testng.reporters.JUnitReportReporter -->
<testsuite skipped="0" hostname="DESKTOP-35O655N" name="com.qa.test.VehicleStore" tests="4" failures="0" timestamp="2020-07-20T16:21:35 IST" time="82.033" errors="0">
  <testcase name="verifyPageTitle" time="54.294" classname="com.qa.test.VehicleStore"/>
  <testcase name="verifySubmitButton" time="13.040" classname="com.qa.test.VehicleStore"/>
  <testcase name="verifyHomePageHeader" time="5.256" classname="com.qa.test.VehicleStore"/>
  <testcase name="verifyVehicleListOfValues" time="9.443" classname="com.qa.test.VehicleStore"/>
</testsuite> <!-- com.qa.test.VehicleStore -->
